1744361570411	geckodriver	INFO	Listening on 127.0.0.1:53429
1744361573461	mozrunner::runner	INFO	Running command: "C:\\Users\\Sidqi\\AppData\\Local\\Mozilla Firefox\\firefox.exe" "--marionette" "--remote-debugging-port" "5 ... 0" "--remote-allow-hosts" "localhost" "-no-remote" "-profile" "C:\\Users\\Sidqi\\AppData\\Local\\Temp\\rust_mozprofilejw5VFa"
console.warn: services.settings: Ignoring preference override of remote settings server
console.warn: services.settings: Allow by setting MOZ_REMOTE_SETTINGS_DEVTOOLS=1 in the environment
Dynamically enable window occlusion 0
1744361576138	Marionette	INFO	Marionette enabled
1744361577102	Marionette	INFO	Listening on port 53441
Read port: 53441
WebDriver BiDi listening on ws://127.0.0.1:53430
1744361577430	RemoteAgent	WARN	TLS certificate errors will be ignored for this session
[GFX1-]: Calling WaitFlushedEvent::Run: is delayed: 2077
DevTools listening on ws://127.0.0.1:53430/devtools/browser/14a2f617-ef6a-468d-bc51-d1c012702ad1
JavaScript warning: https://m-new.cinema21.co.id/_next/static/chunks/8465-96d68bbc5d9d6ec1.js, line 19: WebGL context was lost.
JavaScript warning: https://m-new.cinema21.co.id/_next/static/chunks/8465-96d68bbc5d9d6ec1.js, line 19: WEBGL_debug_renderer_info is deprecated in Firefox and will be removed. Please use RENDERER.
JavaScript warning: https://m-new.cinema21.co.id/_next/static/chunks/8465-96d68bbc5d9d6ec1.js, line 19: WebGL context was lost.
JavaScript warning: https://m-new.cinema21.co.id/_next/static/chunks/8465-96d68bbc5d9d6ec1.js, line 19: WebGL context was lost.
JavaScript warning: https://m-new.cinema21.co.id/_next/static/chunks/8465-96d68bbc5d9d6ec1.js, line 19: WEBGL_debug_renderer_info is deprecated in Firefox and will be removed. Please use RENDERER.
JavaScript warning: https://m-new.cinema21.co.id/_next/static/chunks/8465-96d68bbc5d9d6ec1.js, line 19: WebGL context was lost.
JavaScript warning: https://m-new.cinema21.co.id/_next/static/chunks/8465-96d68bbc5d9d6ec1.js, line 19: WebGL context was lost.
JavaScript warning: https://m-new.cinema21.co.id/_next/static/chunks/8465-96d68bbc5d9d6ec1.js, line 19: WEBGL_debug_renderer_info is deprecated in Firefox and will be removed. Please use RENDERER.
JavaScript warning: https://m-new.cinema21.co.id/_next/static/chunks/8465-96d68bbc5d9d6ec1.js, line 19: WebGL context was lost.
JavaScript warning: https://m-new.cinema21.co.id/_next/static/chunks/8465-96d68bbc5d9d6ec1.js, line 19: WebGL context was lost.
JavaScript warning: https://m-new.cinema21.co.id/_next/static/chunks/8465-96d68bbc5d9d6ec1.js, line 19: WEBGL_debug_renderer_info is deprecated in Firefox and will be removed. Please use RENDERER.
JavaScript warning: https://m-new.cinema21.co.id/_next/static/chunks/8465-96d68bbc5d9d6ec1.js, line 19: WebGL context was lost.
JavaScript warning: https://m-new.cinema21.co.id/_next/static/chunks/8465-96d68bbc5d9d6ec1.js, line 19: WebGL context was lost.
JavaScript warning: https://m-new.cinema21.co.id/_next/static/chunks/8465-96d68bbc5d9d6ec1.js, line 19: WEBGL_debug_renderer_info is deprecated in Firefox and will be removed. Please use RENDERER.
JavaScript warning: https://m-new.cinema21.co.id/_next/static/chunks/8465-96d68bbc5d9d6ec1.js, line 19: WebGL context was lost.
JavaScript warning: https://m-new.cinema21.co.id/_next/static/chunks/8465-96d68bbc5d9d6ec1.js, line 19: WebGL context was lost.
JavaScript warning: https://m-new.cinema21.co.id/_next/static/chunks/8465-96d68bbc5d9d6ec1.js, line 19: WEBGL_debug_renderer_info is deprecated in Firefox and will be removed. Please use RENDERER.
JavaScript warning: https://m-new.cinema21.co.id/_next/static/chunks/8465-96d68bbc5d9d6ec1.js, line 19: WebGL context was lost.
1744361598273	Marionette	INFO	Stopped listening on port 53441
Dynamically enable window occlusion 1
